# JRE version: Java(TM) SE Runtime Environment (8.0_91-b14) (build 1.8.0_91-b14)
# Java VM: Java HotSpot(TM) 64-Bit Server VM (25.91-b14 mixed mode linux-amd64 compressed oops)
Heap:
 PSYoungGen      total 127488K, used 5120K [0x00000000ed180000, 0x00000000f5380000, 0x0000000100000000)
  eden space 122368K, 0% used [0x00000000ed180000,0x00000000ed180000,0x00000000f4900000)
  from space 5120K, 100% used [0x00000000f4900000,0x00000000f4e00000,0x00000000f4e00000)
  to   space 4608K, 0% used [0x00000000f4e00000,0x00000000f4e00000,0x00000000f5280000)
 ParOldGen       total 39936K, used 12712K [0x00000000c7400000, 0x00000000c9b00000, 0x00000000ed180000)
  object space 39936K, 31% used [0x00000000c7400000,0x00000000c806a330,0x00000000c9b00000)
 Metaspace       used 15782K, capacity 16060K, committed 16128K, reserved 1062912K
  class space    used 1963K, capacity 2036K, committed 2048K, reserved 1048576K
GC Heap History (10 events):
Event: 1,777 GC heap after
Heap after GC invocations=4 (full 0):
 PSYoungGen      total 32768K, used 2047K [0x00000000ed180000, 0x00000000ef380000, 0x0000000100000000)
  eden space 30720K, 0% used [0x00000000ed180000,0x00000000ed180000,0x00000000eef80000)
  from space 2048K, 99% used [0x00000000ef180000,0x00000000ef37fd20,0x00000000ef380000)
  to   space 2048K, 0% used [0x00000000eef80000,0x00000000eef80000,0x00000000ef180000)
 ParOldGen       total 39936K, used 3359K [0x00000000c7400000, 0x00000000c9b00000, 0x00000000ed180000)
  object space 39936K, 8% used [0x00000000c7400000,0x00000000c7747c80,0x00000000c9b00000)
 Metaspace       used 9811K, capacity 9928K, committed 10112K, reserved 1058816K
  class space    used 1276K, capacity 1304K, committed 1408K, reserved 1048576K
}
Event: 2,498 GC heap before
{Heap before GC invocations=5 (full 0):
 PSYoungGen      total 32768K, used 32767K [0x00000000ed180000, 0x00000000ef380000, 0x0000000100000000)
  eden space 30720K, 100% used [0x00000000ed180000,0x00000000eef80000,0x00000000eef80000)
  from space 2048K, 99% used [0x00000000ef180000,0x00000000ef37fd20,0x00000000ef380000)
  to   space 2048K, 0% used [0x00000000eef80000,0x00000000eef80000,0x00000000ef180000)
 ParOldGen       total 39936K, used 3359K [0x00000000c7400000, 0x00000000c9b00000, 0x00000000ed180000)
  object space 39936K, 8% used [0x00000000c7400000,0x00000000c7747c80,0x00000000c9b00000)
 Metaspace       used 13295K, capacity 13536K, committed 13696K, reserved 1060864K
  class space    used 1729K, capacity 1802K, committed 1920K, reserved 1048576K
Event: 2,510 GC heap after
Heap after GC invocations=5 (full 0):
 PSYoungGen      total 32768K, used 2031K [0x00000000ed180000, 0x00000000f1780000, 0x0000000100000000)
  eden space 30720K, 0% used [0x00000000ed180000,0x00000000ed180000,0x00000000eef80000)
  from space 2048K, 99% used [0x00000000eef80000,0x00000000ef17bd30,0x00000000ef180000)
  to   space 5120K, 0% used [0x00000000f1280000,0x00000000f1280000,0x00000000f1780000)
 ParOldGen       total 39936K, used 6019K [0x00000000c7400000, 0x00000000c9b00000, 0x00000000ed180000)
  object space 39936K, 15% used [0x00000000c7400000,0x00000000c79e0d10,0x00000000c9b00000)
 Metaspace       used 13295K, capacity 13536K, committed 13696K, reserved 1060864K
  class space    used 1729K, capacity 1802K, committed 1920K, reserved 1048576K
}
Event: 3,210 GC heap before
{Heap before GC invocations=6 (full 0):
 PSYoungGen      total 32768K, used 32751K [0x00000000ed180000, 0x00000000f1780000, 0x0000000100000000)
  eden space 30720K, 100% used [0x00000000ed180000,0x00000000eef80000,0x00000000eef80000)
  from space 2048K, 99% used [0x00000000eef80000,0x00000000ef17bd30,0x00000000ef180000)
  to   space 5120K, 0% used [0x00000000f1280000,0x00000000f1280000,0x00000000f1780000)
 ParOldGen       total 39936K, used 6019K [0x00000000c7400000, 0x00000000c9b00000, 0x00000000ed180000)
  object space 39936K, 15% used [0x00000000c7400000,0x00000000c79e0d10,0x00000000c9b00000)
 Metaspace       used 15209K, capacity 15472K, committed 15616K, reserved 1062912K
  class space    used 1958K, capacity 2034K, committed 2048K, reserved 1048576K
Event: 3,262 GC heap after
Heap after GC invocations=6 (full 0):
 PSYoungGen      total 65536K, used 3338K [0x00000000ed180000, 0x00000000f1680000, 0x0000000100000000)
  eden space 61440K, 0% used [0x00000000ed180000,0x00000000ed180000,0x00000000f0d80000)
  from space 4096K, 81% used [0x00000000f1280000,0x00000000f15c2be8,0x00000000f1680000)
  to   space 4608K, 0% used [0x00000000f0d80000,0x00000000f0d80000,0x00000000f1200000)
 ParOldGen       total 39936K, used 6027K [0x00000000c7400000, 0x00000000c9b00000, 0x00000000ed180000)
  object space 39936K, 15% used [0x00000000c7400000,0x00000000c79e2d10,0x00000000c9b00000)
 Metaspace       used 15209K, capacity 15472K, committed 15616K, reserved 1062912K
  class space    used 1958K, capacity 2034K, committed 2048K, reserved 1048576K
}
Event: 4,102 GC heap before
{Heap before GC invocations=7 (full 0):
 PSYoungGen      total 65536K, used 64778K [0x00000000ed180000, 0x00000000f1680000, 0x0000000100000000)
  eden space 61440K, 100% used [0x00000000ed180000,0x00000000f0d80000,0x00000000f0d80000)
  from space 4096K, 81% used [0x00000000f1280000,0x00000000f15c2be8,0x00000000f1680000)
  to   space 4608K, 0% used [0x00000000f0d80000,0x00000000f0d80000,0x00000000f1200000)
 ParOldGen       total 39936K, used 6027K [0x00000000c7400000, 0x00000000c9b00000, 0x00000000ed180000)
  object space 39936K, 15% used [0x00000000c7400000,0x00000000c79e2d10,0x00000000c9b00000)
 Metaspace       used 15457K, capacity 15734K, committed 15872K, reserved 1062912K
  class space    used 1960K, capacity 2035K, committed 2048K, reserved 1048576K
Event: 4,119 GC heap after
Heap after GC invocations=7 (full 0):
 PSYoungGen      total 66048K, used 3088K [0x00000000ed180000, 0x00000000f5280000, 0x0000000100000000)
  eden space 61440K, 0% used [0x00000000ed180000,0x00000000ed180000,0x00000000f0d80000)
  from space 4608K, 67% used [0x00000000f0d80000,0x00000000f1084030,0x00000000f1200000)
  to   space 4608K, 0% used [0x00000000f4e00000,0x00000000f4e00000,0x00000000f5280000)
 ParOldGen       total 39936K, used 7102K [0x00000000c7400000, 0x00000000c9b00000, 0x00000000ed180000)
  object space 39936K, 17% used [0x00000000c7400000,0x00000000c7aefad0,0x00000000c9b00000)
 Metaspace       used 15457K, capacity 15734K, committed 15872K, reserved 1062912K
  class space    used 1960K, capacity 2035K, committed 2048K, reserved 1048576K
}
Event: 4,561 GC heap before
{Heap before GC invocations=8 (full 0):
 PSYoungGen      total 66048K, used 64528K [0x00000000ed180000, 0x00000000f5280000, 0x0000000100000000)
  eden space 61440K, 100% used [0x00000000ed180000,0x00000000f0d80000,0x00000000f0d80000)
  from space 4608K, 67% used [0x00000000f0d80000,0x00000000f1084030,0x00000000f1200000)
  to   space 4608K, 0% used [0x00000000f4e00000,0x00000000f4e00000,0x00000000f5280000)
 ParOldGen       total 39936K, used 7102K [0x00000000c7400000, 0x00000000c9b00000, 0x00000000ed180000)
  object space 39936K, 17% used [0x00000000c7400000,0x00000000c7aefad0,0x00000000c9b00000)
 Metaspace       used 15608K, capacity 15862K, committed 16128K, reserved 1062912K
  class space    used 1961K, capacity 2035K, committed 2048K, reserved 1048576K
Event: 4,575 GC heap after
Heap after GC invocations=8 (full 0):
 PSYoungGen      total 126976K, used 4592K [0x00000000ed180000, 0x00000000f5380000, 0x0000000100000000)
  eden space 122368K, 0% used [0x00000000ed180000,0x00000000ed180000,0x00000000f4900000)
  from space 4608K, 99% used [0x00000000f4e00000,0x00000000f527c010,0x00000000f5280000)
  to   space 5120K, 0% used [0x00000000f4900000,0x00000000f4900000,0x00000000f4e00000)
 ParOldGen       total 39936K, used 7678K [0x00000000c7400000, 0x00000000c9b00000, 0x00000000ed180000)
  object space 39936K, 19% used [0x00000000c7400000,0x00000000c7b7fb00,0x00000000c9b00000)
 Metaspace       used 15608K, capacity 15862K, committed 16128K, reserved 1062912K
  class space    used 1961K, capacity 2035K, committed 2048K, reserved 1048576K
}
Event: 5,612 GC heap before
{Heap before GC invocations=9 (full 0):
 PSYoungGen      total 126976K, used 126960K [0x00000000ed180000, 0x00000000f5380000, 0x0000000100000000)
  eden space 122368K, 100% used [0x00000000ed180000,0x00000000f4900000,0x00000000f4900000)
  from space 4608K, 99% used [0x00000000f4e00000,0x00000000f527c010,0x00000000f5280000)
  to   space 5120K, 0% used [0x00000000f4900000,0x00000000f4900000,0x00000000f4e00000)
 ParOldGen       total 39936K, used 7678K [0x00000000c7400000, 0x00000000c9b00000, 0x00000000ed180000)
  object space 39936K, 19% used [0x00000000c7400000,0x00000000c7b7fb00,0x00000000c9b00000)
 Metaspace       used 15782K, capacity 16060K, committed 16128K, reserved 1062912K
  class space    used 1963K, capacity 2036K, committed 2048K, reserved 1048576K

