# JRE version: Java(TM) SE Runtime Environment (8.0_91-b14) (build 1.8.0_91-b14)
# Java VM: Java HotSpot(TM) 64-Bit Server VM (25.91-b14 mixed mode linux-amd64 compressed oops)
Heap:
 PSYoungGen      total 265728K, used 0K [0x00000000ed180000, 0x0000000100000000, 0x0000000100000000)
  eden space 227840K, 0% used [0x00000000ed180000,0x00000000ed180000,0x00000000fb000000)
  from space 37888K, 0% used [0x00000000fdb00000,0x00000000fdb00000,0x0000000100000000)
  to   space 40960K, 0% used [0x00000000fb000000,0x00000000fb000000,0x00000000fd800000)
 ParOldGen       total 157184K, used 65383K [0x00000000c7400000, 0x00000000d0d80000, 0x00000000ed180000)
  object space 157184K, 41% used [0x00000000c7400000,0x00000000cb3d9f28,0x00000000d0d80000)
 Metaspace       used 23711K, capacity 24108K, committed 24320K, reserved 1071104K
  class space    used 2939K, capacity 3062K, committed 3072K, reserved 1048576K
GC Heap History (10 events):
Event: 92,114 GC heap after
Heap after GC invocations=29 (full 5):
 PSYoungGen      total 267264K, used 22709K [0x00000000ed180000, 0x0000000100000000, 0x0000000100000000)
  eden space 237056K, 0% used [0x00000000ed180000,0x00000000ed180000,0x00000000fb900000)
  from space 30208K, 75% used [0x00000000fe280000,0x00000000ff8ad450,0x0000000100000000)
  to   space 36352K, 0% used [0x00000000fb900000,0x00000000fb900000,0x00000000fdc80000)
 ParOldGen       total 157184K, used 62441K [0x00000000c7400000, 0x00000000d0d80000, 0x00000000ed180000)
  object space 157184K, 39% used [0x00000000c7400000,0x00000000cb0fa740,0x00000000d0d80000)
 Metaspace       used 23522K, capacity 23926K, committed 24064K, reserved 1071104K
  class space    used 2928K, capacity 3053K, committed 3072K, reserved 1048576K
}
Event: 116,213 GC heap before
{Heap before GC invocations=30 (full 5):
 PSYoungGen      total 267264K, used 259765K [0x00000000ed180000, 0x0000000100000000, 0x0000000100000000)
  eden space 237056K, 100% used [0x00000000ed180000,0x00000000fb900000,0x00000000fb900000)
  from space 30208K, 75% used [0x00000000fe280000,0x00000000ff8ad450,0x0000000100000000)
  to   space 36352K, 0% used [0x00000000fb900000,0x00000000fb900000,0x00000000fdc80000)
 ParOldGen       total 157184K, used 62441K [0x00000000c7400000, 0x00000000d0d80000, 0x00000000ed180000)
  object space 157184K, 39% used [0x00000000c7400000,0x00000000cb0fa740,0x00000000d0d80000)
 Metaspace       used 23701K, capacity 24108K, committed 24320K, reserved 1071104K
  class space    used 2939K, capacity 3062K, committed 3072K, reserved 1048576K
Event: 116,231 GC heap after
Heap after GC invocations=30 (full 5):
 PSYoungGen      total 273408K, used 13968K [0x00000000ed180000, 0x0000000100000000, 0x0000000100000000)
  eden space 237056K, 0% used [0x00000000ed180000,0x00000000ed180000,0x00000000fb900000)
  from space 36352K, 38% used [0x00000000fb900000,0x00000000fc6a4070,0x00000000fdc80000)
  to   space 33792K, 0% used [0x00000000fdf00000,0x00000000fdf00000,0x0000000100000000)
 ParOldGen       total 157184K, used 62449K [0x00000000c7400000, 0x00000000d0d80000, 0x00000000ed180000)
  object space 157184K, 39% used [0x00000000c7400000,0x00000000cb0fc740,0x00000000d0d80000)
 Metaspace       used 23701K, capacity 24108K, committed 24320K, reserved 1071104K
  class space    used 2939K, capacity 3062K, committed 3072K, reserved 1048576K
}
Event: 146,512 GC heap before
{Heap before GC invocations=31 (full 5):
 PSYoungGen      total 273408K, used 251024K [0x00000000ed180000, 0x0000000100000000, 0x0000000100000000)
  eden space 237056K, 100% used [0x00000000ed180000,0x00000000fb900000,0x00000000fb900000)
  from space 36352K, 38% used [0x00000000fb900000,0x00000000fc6a4070,0x00000000fdc80000)
  to   space 33792K, 0% used [0x00000000fdf00000,0x00000000fdf00000,0x0000000100000000)
 ParOldGen       total 157184K, used 62449K [0x00000000c7400000, 0x00000000d0d80000, 0x00000000ed180000)
  object space 157184K, 39% used [0x00000000c7400000,0x00000000cb0fc740,0x00000000d0d80000)
 Metaspace       used 23705K, capacity 24108K, committed 24320K, reserved 1071104K
  class space    used 2939K, capacity 3062K, committed 3072K, reserved 1048576K
Event: 146,806 GC heap after
Heap after GC invocations=31 (full 5):
 PSYoungGen      total 267776K, used 12368K [0x00000000ed180000, 0x00000000ffa80000, 0x0000000100000000)
  eden space 239616K, 0% used [0x00000000ed180000,0x00000000ed180000,0x00000000fbb80000)
  from space 28160K, 43% used [0x00000000fdf00000,0x00000000feb14040,0x00000000ffa80000)
  to   space 32256K, 0% used [0x00000000fbb80000,0x00000000fbb80000,0x00000000fdb00000)
 ParOldGen       total 157184K, used 62449K [0x00000000c7400000, 0x00000000d0d80000, 0x00000000ed180000)
  object space 157184K, 39% used [0x00000000c7400000,0x00000000cb0fc740,0x00000000d0d80000)
 Metaspace       used 23705K, capacity 24108K, committed 24320K, reserved 1071104K
  class space    used 2939K, capacity 3062K, committed 3072K, reserved 1048576K
}
Event: 152,811 GC heap before
{Heap before GC invocations=32 (full 5):
 PSYoungGen      total 267776K, used 251984K [0x00000000ed180000, 0x00000000ffa80000, 0x0000000100000000)
  eden space 239616K, 100% used [0x00000000ed180000,0x00000000fbb80000,0x00000000fbb80000)
  from space 28160K, 43% used [0x00000000fdf00000,0x00000000feb14040,0x00000000ffa80000)
  to   space 32256K, 0% used [0x00000000fbb80000,0x00000000fbb80000,0x00000000fdb00000)
 ParOldGen       total 157184K, used 62449K [0x00000000c7400000, 0x00000000d0d80000, 0x00000000ed180000)
  object space 157184K, 39% used [0x00000000c7400000,0x00000000cb0fc740,0x00000000d0d80000)
 Metaspace       used 23711K, capacity 24108K, committed 24320K, reserved 1071104K
  class space    used 2939K, capacity 3062K, committed 3072K, reserved 1048576K
Event: 152,885 GC heap after
Heap after GC invocations=32 (full 5):
 PSYoungGen      total 271872K, used 32245K [0x00000000ed180000, 0x0000000100000000, 0x0000000100000000)
  eden space 239616K, 0% used [0x00000000ed180000,0x00000000ed180000,0x00000000fbb80000)
  from space 32256K, 99% used [0x00000000fbb80000,0x00000000fdafd6c8,0x00000000fdb00000)
  to   space 37888K, 0% used [0x00000000fdb00000,0x00000000fdb00000,0x0000000100000000)
 ParOldGen       total 157184K, used 68712K [0x00000000c7400000, 0x00000000d0d80000, 0x00000000ed180000)
  object space 157184K, 43% used [0x00000000c7400000,0x00000000cb71a240,0x00000000d0d80000)
 Metaspace       used 23711K, capacity 24108K, committed 24320K, reserved 1071104K
  class space    used 2939K, capacity 3062K, committed 3072K, reserved 1048576K
}
Event: 158,007 GC heap before
{Heap before GC invocations=33 (full 5):
 PSYoungGen      total 271872K, used 262671K [0x00000000ed180000, 0x0000000100000000, 0x0000000100000000)
  eden space 239616K, 96% used [0x00000000ed180000,0x00000000fb286720,0x00000000fbb80000)
  from space 32256K, 99% used [0x00000000fbb80000,0x00000000fdafd6c8,0x00000000fdb00000)
  to   space 37888K, 0% used [0x00000000fdb00000,0x00000000fdb00000,0x0000000100000000)
 ParOldGen       total 157184K, used 68712K [0x00000000c7400000, 0x00000000d0d80000, 0x00000000ed180000)
  object space 157184K, 43% used [0x00000000c7400000,0x00000000cb71a240,0x00000000d0d80000)
 Metaspace       used 23711K, capacity 24108K, committed 24320K, reserved 1071104K
  class space    used 2939K, capacity 3062K, committed 3072K, reserved 1048576K
Event: 158,179 GC heap after
Heap after GC invocations=33 (full 5):
 PSYoungGen      total 265728K, used 25968K [0x00000000ed180000, 0x0000000100000000, 0x0000000100000000)
  eden space 227840K, 0% used [0x00000000ed180000,0x00000000ed180000,0x00000000fb000000)
  from space 37888K, 68% used [0x00000000fdb00000,0x00000000ff45c140,0x0000000100000000)
  to   space 40960K, 0% used [0x00000000fb000000,0x00000000fb000000,0x00000000fd800000)
 ParOldGen       total 157184K, used 101480K [0x00000000c7400000, 0x00000000d0d80000, 0x00000000ed180000)
  object space 157184K, 64% used [0x00000000c7400000,0x00000000cd71a250,0x00000000d0d80000)
 Metaspace       used 23711K, capacity 24108K, committed 24320K, reserved 1071104K
  class space    used 2939K, capacity 3062K, committed 3072K, reserved 1048576K
}
Event: 158,183 GC heap before
{Heap before GC invocations=34 (full 6):
 PSYoungGen      total 265728K, used 25968K [0x00000000ed180000, 0x0000000100000000, 0x0000000100000000)
  eden space 227840K, 0% used [0x00000000ed180000,0x00000000ed180000,0x00000000fb000000)
  from space 37888K, 68% used [0x00000000fdb00000,0x00000000ff45c140,0x0000000100000000)
  to   space 40960K, 0% used [0x00000000fb000000,0x00000000fb000000,0x00000000fd800000)
 ParOldGen       total 157184K, used 101480K [0x00000000c7400000, 0x00000000d0d80000, 0x00000000ed180000)
  object space 157184K, 64% used [0x00000000c7400000,0x00000000cd71a250,0x00000000d0d80000)
 Metaspace       used 23711K, capacity 24108K, committed 24320K, reserved 1071104K
  class space    used 2939K, capacity 3062K, committed 3072K, reserved 1048576K

